<?xml version="1.0" encoding="UTF-8"?>
<!-- Generated by org.testng.reporters.JUnitReportReporter -->
<testsuite hostname="Sulakhe-Family5" failures="0" tests="1" name="runnerr.formrunner" time="10.771" errors="0" timestamp="2024-05-17T13:23:00 IST" skipped="0">
  <testcase classname="runnerr.formrunner" name="runScenario" time="10.771"/>
</testsuite> <!-- runnerr.formrunner -->
