<?xml version="1.0" encoding="UTF-8"?>
<!-- Generated by org.testng.reporters.JUnitReportReporter -->
<testsuite hostname="Sulakhe-Family5" failures="0" tests="1" name="runnerr.formrunner" time="14.011" errors="0" timestamp="2024-05-17T13:26:30 IST" skipped="0">
  <testcase classname="runnerr.formrunner" name="runScenario" time="14.011"/>
</testsuite> <!-- runnerr.formrunner -->
